<?xml version="1.0" encoding="UTF-8"?>
<testng-results skipped="0" failed="0" total="1" passed="1">
  <reporter-output>
  </reporter-output>
  <suite name="TestPackage.TestingDemo" duration-ms="4918" started-at="2016-04-18T11:28:54Z" finished-at="2016-04-18T11:28:59Z">
    <groups>
    </groups>
    <test name="Command line test" duration-ms="4918" started-at="2016-04-18T11:28:54Z" finished-at="2016-04-18T11:28:59Z">
      <class name="TestPackage.TestingDemo">
        <test-method status="PASS" signature="test()[pri:0, instance:TestPackage.TestingDemo@6bf256fa]" name="test" duration-ms="4904" started-at="2016-04-18T16:58:54Z" finished-at="2016-04-18T16:58:59Z">
          <reporter-output>
          </reporter-output>
        </test-method> <!-- test -->
      </class> <!-- TestPackage.TestingDemo -->
    </test> <!-- Command line test -->
  </suite> <!-- TestPackage.TestingDemo -->
</testng-results>
