<?xml version="1.0" encoding="UTF-8"?>
<testng-results skipped="0" failed="0" total="1" passed="1">
  <reporter-output>
  </reporter-output>
  <suite name="Default suite" duration-ms="5587" started-at="2016-04-18T14:04:11Z" finished-at="2016-04-18T14:04:17Z">
    <groups>
    </groups>
    <test name="Default test" duration-ms="5587" started-at="2016-04-18T14:04:11Z" finished-at="2016-04-18T14:04:17Z">
      <class name="TestPackage.TestingDemo">
        <test-method status="PASS" signature="test()[pri:0, instance:TestPackage.TestingDemo@2a5ca609]" name="test" duration-ms="5573" started-at="2016-04-18T19:34:11Z" finished-at="2016-04-18T19:34:17Z">
          <reporter-output>
          </reporter-output>
        </test-method> <!-- test -->
      </class> <!-- TestPackage.TestingDemo -->
    </test> <!-- Default test -->
  </suite> <!-- Default suite -->
</testng-results>
